# JRE version: Java(TM) SE Runtime Environment (8.0_60-b27) (build 1.8.0_60-b27)
# Java VM: Java HotSpot(TM) 64-Bit Server VM (25.60-b23 mixed mode linux-amd64 compressed oops)
Heap:
 PSYoungGen      total 238080K, used 103287K [0x00000000d6e00000, 0x00000000e6680000, 0x0000000100000000)
  eden space 227840K, 45% used [0x00000000d6e00000,0x00000000dd2ddcf0,0x00000000e4c80000)
  from space 10240K, 0% used [0x00000000e5c80000,0x00000000e5c80000,0x00000000e6680000)
  to   space 12288K, 0% used [0x00000000e4e80000,0x00000000e4e80000,0x00000000e5a80000)
 ParOldGen       total 64512K, used 15156K [0x0000000084a00000, 0x0000000088900000, 0x00000000d6e00000)
  object space 64512K, 23% used [0x0000000084a00000,0x00000000858cd0e8,0x0000000088900000)
 Metaspace       used 38291K, capacity 38572K, committed 38784K, reserved 1083392K
  class space    used 5064K, capacity 5140K, committed 5248K, reserved 1048576K
GC Heap History (10 events):
Event: 1.561 GC heap before
{Heap before GC invocations=4 (full 0):
 PSYoungGen      total 68608K, used 17063K [0x00000000d6e00000, 0x00000000df400000, 0x0000000100000000)
  eden space 63488K, 18% used [0x00000000d6e00000,0x00000000d79acda8,0x00000000dac00000)
  from space 5120K, 99% used [0x00000000dac00000,0x00000000db0fd120,0x00000000db100000)
  to   space 5120K, 0% used [0x00000000def00000,0x00000000def00000,0x00000000df400000)
 ParOldGen       total 84992K, used 4092K [0x0000000084a00000, 0x0000000089d00000, 0x00000000d6e00000)
  object space 84992K, 4% used [0x0000000084a00000,0x0000000084dff030,0x0000000089d00000)
 Metaspace       used 20896K, capacity 21088K, committed 21296K, reserved 1069056K
  class space    used 2509K, capacity 2594K, committed 2688K, reserved 1048576K
Event: 1.575 GC heap after
Heap after GC invocations=4 (full 0):
 PSYoungGen      total 132096K, used 5089K [0x00000000d6e00000, 0x00000000df400000, 0x0000000100000000)
  eden space 126976K, 0% used [0x00000000d6e00000,0x00000000d6e00000,0x00000000dea00000)
  from space 5120K, 99% used [0x00000000def00000,0x00000000df3f8668,0x00000000df400000)
  to   space 5120K, 0% used [0x00000000dea00000,0x00000000dea00000,0x00000000def00000)
 ParOldGen       total 84992K, used 5883K [0x0000000084a00000, 0x0000000089d00000, 0x00000000d6e00000)
  object space 84992K, 6% used [0x0000000084a00000,0x0000000084fbee40,0x0000000089d00000)
 Metaspace       used 20896K, capacity 21088K, committed 21296K, reserved 1069056K
  class space    used 2509K, capacity 2594K, committed 2688K, reserved 1048576K
}
Event: 1.575 GC heap before
{Heap before GC invocations=5 (full 1):
 PSYoungGen      total 132096K, used 5089K [0x00000000d6e00000, 0x00000000df400000, 0x0000000100000000)
  eden space 126976K, 0% used [0x00000000d6e00000,0x00000000d6e00000,0x00000000dea00000)
  from space 5120K, 99% used [0x00000000def00000,0x00000000df3f8668,0x00000000df400000)
  to   space 5120K, 0% used [0x00000000dea00000,0x00000000dea00000,0x00000000def00000)
 ParOldGen       total 84992K, used 5883K [0x0000000084a00000, 0x0000000089d00000, 0x00000000d6e00000)
  object space 84992K, 6% used [0x0000000084a00000,0x0000000084fbee40,0x0000000089d00000)
 Metaspace       used 20896K, capacity 21088K, committed 21296K, reserved 1069056K
  class space    used 2509K, capacity 2594K, committed 2688K, reserved 1048576K
Event: 1.601 GC heap after
Heap after GC invocations=5 (full 1):
 PSYoungGen      total 132096K, used 0K [0x00000000d6e00000, 0x00000000df400000, 0x0000000100000000)
  eden space 126976K, 0% used [0x00000000d6e00000,0x00000000d6e00000,0x00000000dea00000)
  from space 5120K, 0% used [0x00000000def00000,0x00000000def00000,0x00000000df400000)
  to   space 5120K, 0% used [0x00000000dea00000,0x00000000dea00000,0x00000000def00000)
 ParOldGen       total 49152K, used 6961K [0x0000000084a00000, 0x0000000087a00000, 0x00000000d6e00000)
  object space 49152K, 14% used [0x0000000084a00000,0x00000000850cc548,0x0000000087a00000)
 Metaspace       used 20896K, capacity 21088K, committed 21296K, reserved 1069056K
  class space    used 2509K, capacity 2594K, committed 2688K, reserved 1048576K
}
Event: 2.271 GC heap before
{Heap before GC invocations=6 (full 1):
 PSYoungGen      total 132096K, used 126976K [0x00000000d6e00000, 0x00000000df400000, 0x0000000100000000)
  eden space 126976K, 100% used [0x00000000d6e00000,0x00000000dea00000,0x00000000dea00000)
  from space 5120K, 0% used [0x00000000def00000,0x00000000def00000,0x00000000df400000)
  to   space 5120K, 0% used [0x00000000dea00000,0x00000000dea00000,0x00000000def00000)
 ParOldGen       total 49152K, used 6961K [0x0000000084a00000, 0x0000000087a00000, 0x00000000d6e00000)
  object space 49152K, 14% used [0x0000000084a00000,0x00000000850cc548,0x0000000087a00000)
 Metaspace       used 28007K, capacity 28230K, committed 28544K, reserved 1073152K
  class space    used 3842K, capacity 3907K, committed 3968K, reserved 1048576K
Event: 2.361 GC heap after
Heap after GC invocations=6 (full 1):
 PSYoungGen      total 132096K, used 5111K [0x00000000d6e00000, 0x00000000e6780000, 0x0000000100000000)
  eden space 126976K, 0% used [0x00000000d6e00000,0x00000000d6e00000,0x00000000dea00000)
  from space 5120K, 99% used [0x00000000dea00000,0x00000000deefde58,0x00000000def00000)
  to   space 11264K, 0% used [0x00000000e5c80000,0x00000000e5c80000,0x00000000e6780000)
 ParOldGen       total 49152K, used 11245K [0x0000000084a00000, 0x0000000087a00000, 0x00000000d6e00000)
  object space 49152K, 22% used [0x0000000084a00000,0x00000000854fb738,0x0000000087a00000)
 Metaspace       used 28007K, capacity 28230K, committed 28544K, reserved 1073152K
  class space    used 3842K, capacity 3907K, committed 3968K, reserved 1048576K
}
Event: 14.284 GC heap before
{Heap before GC invocations=7 (full 1):
 PSYoungGen      total 132096K, used 72238K [0x00000000d6e00000, 0x00000000e6780000, 0x0000000100000000)
  eden space 126976K, 52% used [0x00000000d6e00000,0x00000000daf8db18,0x00000000dea00000)
  from space 5120K, 99% used [0x00000000dea00000,0x00000000deefde58,0x00000000def00000)
  to   space 11264K, 0% used [0x00000000e5c80000,0x00000000e5c80000,0x00000000e6780000)
 ParOldGen       total 49152K, used 11245K [0x0000000084a00000, 0x0000000087a00000, 0x00000000d6e00000)
  object space 49152K, 22% used [0x0000000084a00000,0x00000000854fb738,0x0000000087a00000)
 Metaspace       used 35156K, capacity 35384K, committed 35496K, reserved 1079296K
  class space    used 4757K, capacity 4838K, committed 4864K, reserved 1048576K
Event: 14.324 GC heap after
Heap after GC invocations=7 (full 1):
 PSYoungGen      total 238080K, used 10094K [0x00000000d6e00000, 0x00000000e6680000, 0x0000000100000000)
  eden space 227840K, 0% used [0x00000000d6e00000,0x00000000d6e00000,0x00000000e4c80000)
  from space 10240K, 98% used [0x00000000e5c80000,0x00000000e665bbd0,0x00000000e6680000)
  to   space 12288K, 0% used [0x00000000e4e80000,0x00000000e4e80000,0x00000000e5a80000)
 ParOldGen       total 49152K, used 11253K [0x0000000084a00000, 0x0000000087a00000, 0x00000000d6e00000)
  object space 49152K, 22% used [0x0000000084a00000,0x00000000854fd738,0x0000000087a00000)
 Metaspace       used 35156K, capacity 35384K, committed 35496K, reserved 1079296K
  class space    used 4757K, capacity 4838K, committed 4864K, reserved 1048576K
}
Event: 14.324 GC heap before
{Heap before GC invocations=8 (full 2):
 PSYoungGen      total 238080K, used 10094K [0x00000000d6e00000, 0x00000000e6680000, 0x0000000100000000)
  eden space 227840K, 0% used [0x00000000d6e00000,0x00000000d6e00000,0x00000000e4c80000)
  from space 10240K, 98% used [0x00000000e5c80000,0x00000000e665bbd0,0x00000000e6680000)
  to   space 12288K, 0% used [0x00000000e4e80000,0x00000000e4e80000,0x00000000e5a80000)
 ParOldGen       total 49152K, used 11253K [0x0000000084a00000, 0x0000000087a00000, 0x00000000d6e00000)
  object space 49152K, 22% used [0x0000000084a00000,0x00000000854fd738,0x0000000087a00000)
 Metaspace       used 35156K, capacity 35384K, committed 35496K, reserved 1079296K
  class space    used 4757K, capacity 4838K, committed 4864K, reserved 1048576K
Event: 14.383 GC heap after
Heap after GC invocations=8 (full 2):
 PSYoungGen      total 238080K, used 0K [0x00000000d6e00000, 0x00000000e6680000, 0x0000000100000000)
  eden space 227840K, 0% used [0x00000000d6e00000,0x00000000d6e00000,0x00000000e4c80000)
  from space 10240K, 0% used [0x00000000e5c80000,0x00000000e5c80000,0x00000000e6680000)
  to   space 12288K, 0% used [0x00000000e4e80000,0x00000000e4e80000,0x00000000e5a80000)
 ParOldGen       total 64512K, used 15156K [0x0000000084a00000, 0x0000000088900000, 0x00000000d6e00000)
  object space 64512K, 23% used [0x0000000084a00000,0x00000000858cd0e8,0x0000000088900000)
 Metaspace       used 35156K, capacity 35384K, committed 35496K, reserved 1079296K
  class space    used 4757K, capacity 4838K, committed 4864K, reserved 1048576K
}

