# JRE version: Java(TM) SE Runtime Environment (8.0_60-b27) (build 1.8.0_60-b27)
# Java VM: Java HotSpot(TM) 64-Bit Server VM (25.60-b23 mixed mode linux-amd64 compressed oops)
Heap:
 PSYoungGen      total 233472K, used 49509K [0x00000000d6e00000, 0x00000000e6300000, 0x0000000100000000)
  eden space 223232K, 22% used [0x00000000d6e00000,0x00000000d9e59730,0x00000000e4800000)
  from space 10240K, 0% used [0x00000000e5900000,0x00000000e5900000,0x00000000e6300000)
  to   space 12288K, 0% used [0x00000000e4b00000,0x00000000e4b00000,0x00000000e5700000)
 ParOldGen       total 64512K, used 15145K [0x0000000084a00000, 0x0000000088900000, 0x00000000d6e00000)
  object space 64512K, 23% used [0x0000000084a00000,0x00000000858ca590,0x0000000088900000)
 Metaspace       used 37643K, capacity 37852K, committed 38272K, reserved 1083392K
  class space    used 5049K, capacity 5126K, committed 5248K, reserved 1048576K
GC Heap History (10 events):
Event: 1.658 GC heap before
{Heap before GC invocations=4 (full 0):
 PSYoungGen      total 68608K, used 17064K [0x00000000d6e00000, 0x00000000df400000, 0x0000000100000000)
  eden space 63488K, 18% used [0x00000000d6e00000,0x00000000d79acfe0,0x00000000dac00000)
  from space 5120K, 99% used [0x00000000dac00000,0x00000000db0fd360,0x00000000db100000)
  to   space 5120K, 0% used [0x00000000def00000,0x00000000def00000,0x00000000df400000)
 ParOldGen       total 84992K, used 4130K [0x0000000084a00000, 0x0000000089d00000, 0x00000000d6e00000)
  object space 84992K, 4% used [0x0000000084a00000,0x0000000084e08b20,0x0000000089d00000)
 Metaspace       used 20891K, capacity 21092K, committed 21296K, reserved 1069056K
  class space    used 2510K, capacity 2594K, committed 2688K, reserved 1048576K
Event: 1.678 GC heap after
Heap after GC invocations=4 (full 0):
 PSYoungGen      total 132096K, used 5104K [0x00000000d6e00000, 0x00000000df400000, 0x0000000100000000)
  eden space 126976K, 0% used [0x00000000d6e00000,0x00000000d6e00000,0x00000000dea00000)
  from space 5120K, 99% used [0x00000000def00000,0x00000000df3fc128,0x00000000df400000)
  to   space 5120K, 0% used [0x00000000dea00000,0x00000000dea00000,0x00000000def00000)
 ParOldGen       total 84992K, used 5960K [0x0000000084a00000, 0x0000000089d00000, 0x00000000d6e00000)
  object space 84992K, 7% used [0x0000000084a00000,0x0000000084fd22c0,0x0000000089d00000)
 Metaspace       used 20891K, capacity 21092K, committed 21296K, reserved 1069056K
  class space    used 2510K, capacity 2594K, committed 2688K, reserved 1048576K
}
Event: 1.678 GC heap before
{Heap before GC invocations=5 (full 1):
 PSYoungGen      total 132096K, used 5104K [0x00000000d6e00000, 0x00000000df400000, 0x0000000100000000)
  eden space 126976K, 0% used [0x00000000d6e00000,0x00000000d6e00000,0x00000000dea00000)
  from space 5120K, 99% used [0x00000000def00000,0x00000000df3fc128,0x00000000df400000)
  to   space 5120K, 0% used [0x00000000dea00000,0x00000000dea00000,0x00000000def00000)
 ParOldGen       total 84992K, used 5960K [0x0000000084a00000, 0x0000000089d00000, 0x00000000d6e00000)
  object space 84992K, 7% used [0x0000000084a00000,0x0000000084fd22c0,0x0000000089d00000)
 Metaspace       used 20891K, capacity 21092K, committed 21296K, reserved 1069056K
  class space    used 2510K, capacity 2594K, committed 2688K, reserved 1048576K
Event: 1.710 GC heap after
Heap after GC invocations=5 (full 1):
 PSYoungGen      total 132096K, used 0K [0x00000000d6e00000, 0x00000000df400000, 0x0000000100000000)
  eden space 126976K, 0% used [0x00000000d6e00000,0x00000000d6e00000,0x00000000dea00000)
  from space 5120K, 0% used [0x00000000def00000,0x00000000def00000,0x00000000df400000)
  to   space 5120K, 0% used [0x00000000dea00000,0x00000000dea00000,0x00000000def00000)
 ParOldGen       total 48640K, used 6965K [0x0000000084a00000, 0x0000000087980000, 0x00000000d6e00000)
  object space 48640K, 14% used [0x0000000084a00000,0x00000000850cd5d0,0x0000000087980000)
 Metaspace       used 20891K, capacity 21092K, committed 21296K, reserved 1069056K
  class space    used 2510K, capacity 2594K, committed 2688K, reserved 1048576K
}
Event: 2.361 GC heap before
{Heap before GC invocations=6 (full 1):
 PSYoungGen      total 132096K, used 126976K [0x00000000d6e00000, 0x00000000df400000, 0x0000000100000000)
  eden space 126976K, 100% used [0x00000000d6e00000,0x00000000dea00000,0x00000000dea00000)
  from space 5120K, 0% used [0x00000000def00000,0x00000000def00000,0x00000000df400000)
  to   space 5120K, 0% used [0x00000000dea00000,0x00000000dea00000,0x00000000def00000)
 ParOldGen       total 48640K, used 6965K [0x0000000084a00000, 0x0000000087980000, 0x00000000d6e00000)
  object space 48640K, 14% used [0x0000000084a00000,0x00000000850cd5d0,0x0000000087980000)
 Metaspace       used 27984K, capacity 28234K, committed 28544K, reserved 1073152K
  class space    used 3842K, capacity 3907K, committed 3968K, reserved 1048576K
Event: 2.391 GC heap after
Heap after GC invocations=6 (full 1):
 PSYoungGen      total 132096K, used 5109K [0x00000000d6e00000, 0x00000000e6400000, 0x0000000100000000)
  eden space 126976K, 0% used [0x00000000d6e00000,0x00000000d6e00000,0x00000000dea00000)
  from space 5120K, 99% used [0x00000000dea00000,0x00000000deefd568,0x00000000def00000)
  to   space 11264K, 0% used [0x00000000e5900000,0x00000000e5900000,0x00000000e6400000)
 ParOldGen       total 48640K, used 11195K [0x0000000084a00000, 0x0000000087980000, 0x00000000d6e00000)
  object space 48640K, 23% used [0x0000000084a00000,0x00000000854eef30,0x0000000087980000)
 Metaspace       used 27984K, capacity 28234K, committed 28544K, reserved 1073152K
  class space    used 3842K, capacity 3907K, committed 3968K, reserved 1048576K
}
Event: 14.210 GC heap before
{Heap before GC invocations=7 (full 1):
 PSYoungGen      total 132096K, used 72649K [0x00000000d6e00000, 0x00000000e6400000, 0x0000000100000000)
  eden space 126976K, 53% used [0x00000000d6e00000,0x00000000daff4fd8,0x00000000dea00000)
  from space 5120K, 99% used [0x00000000dea00000,0x00000000deefd568,0x00000000def00000)
  to   space 11264K, 0% used [0x00000000e5900000,0x00000000e5900000,0x00000000e6400000)
 ParOldGen       total 48640K, used 11195K [0x0000000084a00000, 0x0000000087980000, 0x00000000d6e00000)
  object space 48640K, 23% used [0x0000000084a00000,0x00000000854eef30,0x0000000087980000)
 Metaspace       used 35152K, capacity 35388K, committed 35496K, reserved 1079296K
  class space    used 4759K, capacity 4838K, committed 4864K, reserved 1048576K
Event: 14.234 GC heap after
Heap after GC invocations=7 (full 1):
 PSYoungGen      total 233472K, used 10047K [0x00000000d6e00000, 0x00000000e6300000, 0x0000000100000000)
  eden space 223232K, 0% used [0x00000000d6e00000,0x00000000d6e00000,0x00000000e4800000)
  from space 10240K, 98% used [0x00000000e5900000,0x00000000e62cfd90,0x00000000e6300000)
  to   space 12288K, 0% used [0x00000000e4b00000,0x00000000e4b00000,0x00000000e5700000)
 ParOldGen       total 48640K, used 11203K [0x0000000084a00000, 0x0000000087980000, 0x00000000d6e00000)
  object space 48640K, 23% used [0x0000000084a00000,0x00000000854f0f30,0x0000000087980000)
 Metaspace       used 35152K, capacity 35388K, committed 35496K, reserved 1079296K
  class space    used 4759K, capacity 4838K, committed 4864K, reserved 1048576K
}
Event: 14.234 GC heap before
{Heap before GC invocations=8 (full 2):
 PSYoungGen      total 233472K, used 10047K [0x00000000d6e00000, 0x00000000e6300000, 0x0000000100000000)
  eden space 223232K, 0% used [0x00000000d6e00000,0x00000000d6e00000,0x00000000e4800000)
  from space 10240K, 98% used [0x00000000e5900000,0x00000000e62cfd90,0x00000000e6300000)
  to   space 12288K, 0% used [0x00000000e4b00000,0x00000000e4b00000,0x00000000e5700000)
 ParOldGen       total 48640K, used 11203K [0x0000000084a00000, 0x0000000087980000, 0x00000000d6e00000)
  object space 48640K, 23% used [0x0000000084a00000,0x00000000854f0f30,0x0000000087980000)
 Metaspace       used 35152K, capacity 35388K, committed 35496K, reserved 1079296K
  class space    used 4759K, capacity 4838K, committed 4864K, reserved 1048576K
Event: 14.278 GC heap after
Heap after GC invocations=8 (full 2):
 PSYoungGen      total 233472K, used 0K [0x00000000d6e00000, 0x00000000e6300000, 0x0000000100000000)
  eden space 223232K, 0% used [0x00000000d6e00000,0x00000000d6e00000,0x00000000e4800000)
  from space 10240K, 0% used [0x00000000e5900000,0x00000000e5900000,0x00000000e6300000)
  to   space 12288K, 0% used [0x00000000e4b00000,0x00000000e4b00000,0x00000000e5700000)
 ParOldGen       total 64512K, used 15145K [0x0000000084a00000, 0x0000000088900000, 0x00000000d6e00000)
  object space 64512K, 23% used [0x0000000084a00000,0x00000000858ca590,0x0000000088900000)
 Metaspace       used 35152K, capacity 35388K, committed 35496K, reserved 1079296K
  class space    used 4759K, capacity 4838K, committed 4864K, reserved 1048576K
}

