# JRE version: Java(TM) SE Runtime Environment (8.0_60-b27) (build 1.8.0_60-b27)
# Java VM: Java HotSpot(TM) 64-Bit Server VM (25.60-b23 mixed mode linux-amd64 compressed oops)
Heap:
 PSYoungGen      total 236544K, used 62050K [0x00000000d6e00000, 0x00000000e6200000, 0x0000000100000000)
  eden space 222720K, 27% used [0x00000000d6e00000,0x00000000daa98b08,0x00000000e4780000)
  from space 13824K, 0% used [0x00000000e5480000,0x00000000e5480000,0x00000000e6200000)
  to   space 13312K, 0% used [0x00000000e4780000,0x00000000e4780000,0x00000000e5480000)
 ParOldGen       total 54784K, used 11289K [0x0000000084a00000, 0x0000000087f80000, 0x00000000d6e00000)
  object space 54784K, 20% used [0x0000000084a00000,0x00000000855064f0,0x0000000087f80000)
 Metaspace       used 37920K, capacity 38180K, committed 38528K, reserved 1083392K
  class space    used 5060K, capacity 5138K, committed 5248K, reserved 1048576K
GC Heap History (10 events):
Event: 1.472 GC heap before
{Heap before GC invocations=6 (full 1):
 PSYoungGen      total 68608K, used 5106K [0x00000000d6e00000, 0x00000000dfc00000, 0x0000000100000000)
  eden space 63488K, 0% used [0x00000000d6e00000,0x00000000d6e00000,0x00000000dac00000)
  from space 5120K, 99% used [0x00000000dac00000,0x00000000db0fc8b8,0x00000000db100000)
  to   space 9216K, 0% used [0x00000000df300000,0x00000000df300000,0x00000000dfc00000)
 ParOldGen       total 84992K, used 5891K [0x0000000084a00000, 0x0000000089d00000, 0x00000000d6e00000)
  object space 84992K, 6% used [0x0000000084a00000,0x0000000084fc0ef8,0x0000000089d00000)
 Metaspace       used 20889K, capacity 21086K, committed 21296K, reserved 1069056K
  class space    used 2510K, capacity 2593K, committed 2688K, reserved 1048576K
Event: 1.501 GC heap after
Heap after GC invocations=6 (full 1):
 PSYoungGen      total 68608K, used 0K [0x00000000d6e00000, 0x00000000dfc00000, 0x0000000100000000)
  eden space 63488K, 0% used [0x00000000d6e00000,0x00000000d6e00000,0x00000000dac00000)
  from space 5120K, 0% used [0x00000000dac00000,0x00000000dac00000,0x00000000db100000)
  to   space 9216K, 0% used [0x00000000df300000,0x00000000df300000,0x00000000dfc00000)
 ParOldGen       total 46080K, used 6958K [0x0000000084a00000, 0x0000000087700000, 0x00000000d6e00000)
  object space 46080K, 15% used [0x0000000084a00000,0x00000000850cba98,0x0000000087700000)
 Metaspace       used 20889K, capacity 21086K, committed 21296K, reserved 1069056K
  class space    used 2510K, capacity 2593K, committed 2688K, reserved 1048576K
}
Event: 1.639 GC heap before
{Heap before GC invocations=7 (full 1):
 PSYoungGen      total 68608K, used 63488K [0x00000000d6e00000, 0x00000000dfc00000, 0x0000000100000000)
  eden space 63488K, 100% used [0x00000000d6e00000,0x00000000dac00000,0x00000000dac00000)
  from space 5120K, 0% used [0x00000000dac00000,0x00000000dac00000,0x00000000db100000)
  to   space 9216K, 0% used [0x00000000df300000,0x00000000df300000,0x00000000dfc00000)
 ParOldGen       total 46080K, used 6958K [0x0000000084a00000, 0x0000000087700000, 0x00000000d6e00000)
  object space 46080K, 15% used [0x0000000084a00000,0x00000000850cba98,0x0000000087700000)
 Metaspace       used 22452K, capacity 22654K, committed 22832K, reserved 1069056K
  class space    used 2809K, capacity 2881K, committed 2944K, reserved 1048576K
Event: 1.647 GC heap after
Heap after GC invocations=7 (full 1):
 PSYoungGen      total 122880K, used 2081K [0x00000000d6e00000, 0x00000000df600000, 0x0000000100000000)
  eden space 119808K, 0% used [0x00000000d6e00000,0x00000000d6e00000,0x00000000de300000)
  from space 3072K, 67% used [0x00000000df300000,0x00000000df508548,0x00000000df600000)
  to   space 9728K, 0% used [0x00000000de300000,0x00000000de300000,0x00000000dec80000)
 ParOldGen       total 46080K, used 6966K [0x0000000084a00000, 0x0000000087700000, 0x00000000d6e00000)
  object space 46080K, 15% used [0x0000000084a00000,0x00000000850cda98,0x0000000087700000)
 Metaspace       used 22452K, capacity 22654K, committed 22832K, reserved 1069056K
  class space    used 2809K, capacity 2881K, committed 2944K, reserved 1048576K
}
Event: 11.791 GC heap before
{Heap before GC invocations=8 (full 1):
 PSYoungGen      total 122880K, used 121889K [0x00000000d6e00000, 0x00000000df600000, 0x0000000100000000)
  eden space 119808K, 100% used [0x00000000d6e00000,0x00000000de300000,0x00000000de300000)
  from space 3072K, 67% used [0x00000000df300000,0x00000000df508548,0x00000000df600000)
  to   space 9728K, 0% used [0x00000000de300000,0x00000000de300000,0x00000000dec80000)
 ParOldGen       total 46080K, used 6966K [0x0000000084a00000, 0x0000000087700000, 0x00000000d6e00000)
  object space 46080K, 15% used [0x0000000084a00000,0x00000000850cda98,0x0000000087700000)
 Metaspace       used 34523K, capacity 34748K, committed 35072K, reserved 1079296K
  class space    used 4692K, capacity 4774K, committed 4864K, reserved 1048576K
Event: 11.804 GC heap after
Heap after GC invocations=8 (full 1):
 PSYoungGen      total 129536K, used 9705K [0x00000000d6e00000, 0x00000000e6200000, 0x0000000100000000)
  eden space 119808K, 0% used [0x00000000d6e00000,0x00000000d6e00000,0x00000000de300000)
  from space 9728K, 99% used [0x00000000de300000,0x00000000dec7a5e8,0x00000000dec80000)
  to   space 13824K, 0% used [0x00000000e5480000,0x00000000e5480000,0x00000000e6200000)
 ParOldGen       total 46080K, used 12530K [0x0000000084a00000, 0x0000000087700000, 0x00000000d6e00000)
  object space 46080K, 27% used [0x0000000084a00000,0x000000008563c828,0x0000000087700000)
 Metaspace       used 34523K, capacity 34748K, committed 35072K, reserved 1079296K
  class space    used 4692K, capacity 4774K, committed 4864K, reserved 1048576K
}
Event: 11.852 GC heap before
{Heap before GC invocations=9 (full 1):
 PSYoungGen      total 129536K, used 16006K [0x00000000d6e00000, 0x00000000e6200000, 0x0000000100000000)
  eden space 119808K, 5% used [0x00000000d6e00000,0x00000000d74272d8,0x00000000de300000)
  from space 9728K, 99% used [0x00000000de300000,0x00000000dec7a5e8,0x00000000dec80000)
  to   space 13824K, 0% used [0x00000000e5480000,0x00000000e5480000,0x00000000e6200000)
 ParOldGen       total 46080K, used 12530K [0x0000000084a00000, 0x0000000087700000, 0x00000000d6e00000)
  object space 46080K, 27% used [0x0000000084a00000,0x000000008563c828,0x0000000087700000)
 Metaspace       used 35204K, capacity 35388K, committed 35496K, reserved 1079296K
  class space    used 4763K, capacity 4838K, committed 4864K, reserved 1048576K
Event: 11.860 GC heap after
Heap after GC invocations=9 (full 1):
 PSYoungGen      total 236544K, used 5311K [0x00000000d6e00000, 0x00000000e6200000, 0x0000000100000000)
  eden space 222720K, 0% used [0x00000000d6e00000,0x00000000d6e00000,0x00000000e4780000)
  from space 13824K, 38% used [0x00000000e5480000,0x00000000e59afeb8,0x00000000e6200000)
  to   space 13312K, 0% used [0x00000000e4780000,0x00000000e4780000,0x00000000e5480000)
 ParOldGen       total 46080K, used 12530K [0x0000000084a00000, 0x0000000087700000, 0x00000000d6e00000)
  object space 46080K, 27% used [0x0000000084a00000,0x000000008563c828,0x0000000087700000)
 Metaspace       used 35204K, capacity 35388K, committed 35496K, reserved 1079296K
  class space    used 4763K, capacity 4838K, committed 4864K, reserved 1048576K
}
Event: 11.860 GC heap before
{Heap before GC invocations=10 (full 2):
 PSYoungGen      total 236544K, used 5311K [0x00000000d6e00000, 0x00000000e6200000, 0x0000000100000000)
  eden space 222720K, 0% used [0x00000000d6e00000,0x00000000d6e00000,0x00000000e4780000)
  from space 13824K, 38% used [0x00000000e5480000,0x00000000e59afeb8,0x00000000e6200000)
  to   space 13312K, 0% used [0x00000000e4780000,0x00000000e4780000,0x00000000e5480000)
 ParOldGen       total 46080K, used 12530K [0x0000000084a00000, 0x0000000087700000, 0x00000000d6e00000)
  object space 46080K, 27% used [0x0000000084a00000,0x000000008563c828,0x0000000087700000)
 Metaspace       used 35204K, capacity 35388K, committed 35496K, reserved 1079296K
  class space    used 4763K, capacity 4838K, committed 4864K, reserved 1048576K
Event: 11.898 GC heap after
Heap after GC invocations=10 (full 2):
 PSYoungGen      total 236544K, used 0K [0x00000000d6e00000, 0x00000000e6200000, 0x0000000100000000)
  eden space 222720K, 0% used [0x00000000d6e00000,0x00000000d6e00000,0x00000000e4780000)
  from space 13824K, 0% used [0x00000000e5480000,0x00000000e5480000,0x00000000e6200000)
  to   space 13312K, 0% used [0x00000000e4780000,0x00000000e4780000,0x00000000e5480000)
 ParOldGen       total 54784K, used 11289K [0x0000000084a00000, 0x0000000087f80000, 0x00000000d6e00000)
  object space 54784K, 20% used [0x0000000084a00000,0x00000000855064f0,0x0000000087f80000)
 Metaspace       used 35204K, capacity 35388K, committed 35496K, reserved 1079296K
  class space    used 4763K, capacity 4838K, committed 4864K, reserved 1048576K
}

